app/seeds.txt
com.appspa.demo.utils.SettingSPUtils
com.appspa.demo.R$xml
com.appspa.demo.entity.CustomResult
com.appspa.demo.http.OKHttpUpdateHttpService$2
com.appspa.demo.R$dimen
com.appspa.demo.R$styleable
com.appspa.demo.entity.CustomResult$VersionInfo
com.appspa.demo.R$anim
com.appspa.demo.R$bool
com.appspa.demo.activity.MainActivity$1
com.appspa.demo.Constants
com.appspa.demo.activity.MainActivity
com.appspa.demo.utils.NotifyUtils
com.appspa.demo.BuildConfig
com.appspa.demo.http.OKHttpUpdateHttpService$1
com.appspa.demo.R$integer
com.appspa.demo.R$drawable
com.appspa.demo.R$color
com.appspa.demo.App$1
com.appspa.demo.R$interpolator
com.appspa.demo.http.OKHttpUpdateHttpService
com.appspa.demo.App
com.appspa.demo.R$style
com.appspa.demo.R$string
com.appspa.demo.custom.CustomUpdateParser
com.appspa.demo.R
com.appspa.demo.entity.CustomResult$PatchInfo
com.appspa.demo.R$layout
com.appspa.demo.R$id
com.appspa.demo.R$attr
com.appspa.demo.R$mipmap
com.appspa.demo.R$dimen: int compat_button_padding_horizontal_material
com.appspa.demo.R$style: int ThemeOverlay_AppCompat_ActionBar
com.appspa.demo.R$attr: int title
com.appspa.demo.R$style: int Base_Widget_AppCompat_ActivityChooserView
com.appspa.demo.R$color: int error_color_material_light
com.appspa.demo.R$styleable: int AppCompatTheme_spinnerStyle
com.appspa.demo.R$style: int TextAppearance_AppCompat_Tooltip
com.appspa.demo.R$style: int Widget_AppCompat_Light_ActionBar_TabView
com.appspa.demo.R$style: int Base_Widget_AppCompat_TextView
com.appspa.demo.R$drawable: int abc_list_focused_holo
com.appspa.demo.R$dimen: int notification_action_icon_size
com.appspa.demo.R$styleable: int MenuItem_iconTint
com.appspa.demo.R$styleable: int AppCompatTheme_windowMinWidthMinor
com.appspa.demo.R$dimen: int abc_disabled_alpha_material_light
com.appspa.demo.R$attr: int textAppearanceSearchResultTitle
com.appspa.demo.R$attr: int commitIcon
com.appspa.demo.R$style: int Base_TextAppearance_AppCompat
com.appspa.demo.R$color: int abc_primary_text_disable_only_material_dark
com.appspa.demo.R$style: int Theme_AppCompat_DayNight
com.appspa.demo.R$style: int Widget_AppCompat_ListView
com.appspa.demo.R$dimen: int abc_text_size_medium_material
com.appspa.demo.R$id: int ll_close
com.appspa.demo.R$attr: int subtitleTextColor
com.appspa.demo.R$id: int always
com.appspa.demo.R$string: int service_api_key
com.appspa.demo.R$style: int Base_Theme_AppCompat
com.appspa.demo.R$attr: int suggestionRowLayout
com.appspa.demo.R$style: int Widget_AppCompat_Light_ActionBar_TabBar_Inverse
com.appspa.demo.R$styleable: int Toolbar_buttonGravity
com.appspa.demo.R$attr: int arrowShaftLength
com.appspa.demo.R$style: int Base_Widget_AppCompat_ProgressBar
com.appspa.demo.R$anim: int btn_radio_to_on_mtrl_ring_outer_animation
com.appspa.demo.R$id: int custom
com.appspa.demo.R$attr: int tooltipForegroundColor
com.appspa.demo.R$styleable: int StateListDrawable_android_variablePadding
com.appspa.demo.R$layout: int abc_alert_dialog_title_material
com.appspa.demo.R$id: int notification_main_column_container
com.appspa.demo.R$styleable: int GradientColorItem_android_color
com.appspa.demo.R$styleable: int ActionMenuItemView_android_minWidth
com.appspa.demo.R$styleable: int Toolbar_titleMarginStart
com.appspa.demo.R$dimen: int abc_action_bar_subtitle_top_margin_material
com.appspa.demo.R$drawable: int notification_bg_low_pressed
com.appspa.demo.entity.CustomResult$VersionInfo: com.appspa.demo.entity.CustomResult$PatchInfo patchInfo
com.appspa.demo.R$styleable: int FontFamilyFont_android_fontVariationSettings
com.appspa.demo.R$styleable: int AppCompatTheme_tooltipForegroundColor
com.appspa.demo.R$styleable: int AppCompatSeekBar_android_thumb
com.appspa.demo.R$id: int title_template
com.appspa.demo.R$drawable: int spa_bg_app_info
com.appspa.demo.R$styleable: int ListPopupWindow_android_dropDownHorizontalOffset
com.appspa.demo.R$styleable: int GradientColor_android_endY
com.appspa.demo.R$attr: int searchIcon
...
androidx.appcompat.R$styleable: int SwitchCompat_android_thumb
com.appspa.update.R$string: int space_lab_ignore
io.reactivex.internal.operators.observable.ObservableTimeout$TimeoutFallbackObserver: java.util.concurrent.atomic.AtomicLong index
okhttp3.Protocol: okhttp3.Protocol[] $VALUES
com.appspa.update.UpdateManager$Builder: boolean isAutoMode
com.appspa.update.R$styleable: int FontFamilyFont_android_fontStyle
com.appspa.update.R$id: int icon
androidx.core.view.InputDeviceCompat: int SOURCE_CLASS_POINTER
androidx.appcompat.widget.ScrollingTabContainerView: java.lang.Runnable mTabSelector
androidx.appcompat.R$attr: int actionModeCopyDrawable
androidx.fragment.app.FragmentManagerViewModel: boolean mStateAutomaticallySaved
com.xuexiang.xhttp2.R$styleable: int CompoundButton_buttonTintMode
androidx.appcompat.widget.ActivityChooserView$ActivityChooserViewAdapter: androidx.appcompat.widget.ActivityChooserModel mDataModel
androidx.appcompat.view.SupportMenuInflater: java.lang.String XML_GROUP
androidx.appcompat.R$style: int Base_V7_ThemeOverlay_AppCompat_Dialog
androidx.viewpager.R$dimen: int notification_small_icon_background_padding
com.appspa.update.R$styleable: int[] SearchView
okhttp3.CipherSuite: okhttp3.CipherSuite TLS_KRB5_WITH_RC4_128_MD5
io.reactivex.internal.operators.mixed.FlowableConcatMapSingle$ConcatMapSingleSubscriber: int prefetch
com.xuexiang.xhttp2.R$string: int abc_capital_on
androidx.vectordrawable.animated.R$styleable: int GradientColor_android_endColor
androidx.vectordrawable.R$layout: int notification_template_part_time
io.reactivex.internal.operators.flowable.FlowableConcatMapEager: int maxConcurrency
androidx.appcompat.app.ActionBar: int NAVIGATION_MODE_LIST
androidx.loader.R$id: int notification_background
com.xuexiang.xhttp2.R$dimen: int abc_disabled_alpha_material_light
okhttp3.Address: java.util.List connectionSpecs
com.xuexiang.xhttp2.cache.RxCache$2: long val$time
io.reactivex.internal.operators.single.SingleDoOnDispose$DoOnDisposeObserver: io.reactivex.disposables.Disposable upstream
io.reactivex.internal.operators.flowable.FlowableAny$AnySubscriber: io.reactivex.functions.Predicate predicate
com.xuexiang.xhttp2.R$styleable: int SwitchCompat_android_textOff
androidx.core.view.MotionEventCompat: int AXIS_TILT
com.xuexiang.xhttp2.R$attr: int imageButtonStyle
com.appspa.update.R$styleable: int AppCompatImageView_android_src
okio.Segment: int limit
com.xuexiang.xhttp2.R$styleable: int[] DrawerArrowToggle
androidx.appcompat.R$style: int TextAppearance_AppCompat_Widget_ActionMode_Subtitle
com.appspa.update.R$attr: int menu
androidx.core.view.accessibility.AccessibilityEventCompat: int CONTENT_CHANGE_TYPE_PANE_APPEARED
androidx.viewpager.R$styleable: int GradientColorItem_android_offset
com.appspa.update.R$style: int Platform_V25_AppCompat_Light
io.reactivex.internal.operators.maybe.MaybeOnErrorNext$OnErrorNextMaybeObserver: boolean allowFatal
io.reactivex.internal.operators.parallel.ParallelSortedJoin$SortedJoinInnerSubscriber: io.reactivex.internal.operators.parallel.ParallelSortedJoin$SortedJoinSubscription parent
com.xuexiang.xhttp2.R$styleable: int AppCompatTheme_actionOverflowButtonStyle
io.reactivex.internal.operators.flowable.FlowableJust: java.lang.Object value
androidx.appcompat.app.AppCompatDelegateImpl: android.view.MenuInflater mMenuInflater
androidx.appcompat.app.TwilightManager: java.lang.String TAG
com.appspa.update.R$drawable: int tooltip_frame_dark
androidx.appcompat.R$styleable: int SearchView_commitIcon
com.xuexiang.xhttp2.R$color: int abc_search_url_text_normal
io.reactivex.internal.operators.observable.ObservableGroupJoin$GroupJoinDisposable: java.util.Map rights
androidx.collection.MapCollections$MapIterator: int mIndex
io.reactivex.subscribers.TestSubscriber$EmptySubscriber: io.reactivex.subscribers.TestSubscriber$EmptySubscriber INSTANCE
androidx.fragment.R$id: int line3
io.reactivex.internal.operators.mixed.FlowableSwitchMapCompletable: io.reactivex.Flowable source