app/unused.txt
com.appspa.demo.BuildConfig:
    public static final java.lang.String APPLICATION_ID
    public static final java.lang.String BUILD_TYPE
    public static final boolean DEBUG
    public static final int VERSION_CODE
    public static final java.lang.String VERSION_NAME
com.appspa.demo.Constants:
    public static final java.lang.String CUSTOM_UPDATE_URL
    public static final java.lang.String DEFAULT_UPDATE_URL
    public static final java.lang.String FORCED_UPDATE_URL
    public static final java.lang.String IGNORE_UPDATE_URL
    public static final java.lang.String XUPDATE_DEMO_DOWNLOAD_URL
com.appspa.demo.utils.SettingSPUtils:
    public java.lang.String getServiceURL()
...
io.reactivex.internal.operators.completable.CompletableObserveOn:
    public void <init>(io.reactivex.CompletableSource,io.reactivex.Scheduler)
io.reactivex.internal.operators.completable.CompletableOnErrorComplete:
    public void <init>(io.reactivex.CompletableSource,io.reactivex.functions.Predicate)
io.reactivex.internal.operators.completable.CompletablePeek:
    public void <init>(io.reactivex.CompletableSource,io.reactivex.functions.Consumer,io.reactivex.functions.Consumer,io.reactivex.functions.Action,io.reactivex.functions.Action,io.reactivex.functions.Action,io.reactivex.functions.Action)
io.reactivex.internal.operators.completable.CompletableResumeNext:
    public void <init>(io.reactivex.CompletableSource,io.reactivex.functions.Function)
io.reactivex.internal.operators.completable.CompletableSubscribeOn:
    public void <init>(io.reactivex.CompletableSource,io.reactivex.Scheduler)
io.reactivex.internal.operators.completable.CompletableTakeUntilCompletable:
    public void <init>(io.reactivex.Completable,io.reactivex.CompletableSource)
io.reactivex.internal.operators.completable.CompletableTimeout:
    public void <init>(io.reactivex.CompletableSource,long,java.util.concurrent.TimeUnit,io.reactivex.Scheduler,io.reactivex.CompletableSource)
io.reactivex.internal.operators.completable.CompletableTimer:
    public void <init>(long,java.util.concurrent.TimeUnit,io.reactivex.Scheduler)
io.reactivex.internal.operators.completable.CompletableToFlowable:
    public void <init>(io.reactivex.CompletableSource)
io.reactivex.internal.operators.completable.CompletableToObservable:
    public void <init>(io.reactivex.CompletableSource)
io.reactivex.internal.operators.completable.CompletableToSingle:
    public void <init>(io.reactivex.CompletableSource,java.util.concurrent.Callable,java.lang.Object)
io.reactivex.internal.operators.completable.CompletableUsing:
    public void <init>(java.util.concurrent.Callable,io.reactivex.functions.Function,io.reactivex.functions.Consumer,boolean)
io.reactivex.internal.operators.flowable.AbstractFlowableWithUpstream:
    public final org.reactivestreams.Publisher source()
io.reactivex.internal.operators.flowable.BlockingFlowableIterable:
    public void <init>(io.reactivex.Flowable,int)
io.reactivex.internal.operators.flowable.BlockingFlowableLatest:
    public void <init>(org.reactivestreams.Publisher)
io.reactivex.internal.operators.flowable.BlockingFlowableMostRecent:
    public void <init>(io.reactivex.Flowable,java.lang.Object)
io.reactivex.internal.operators.flowable.BlockingFlowableNext:
    public void <init>(org.reactivestreams.Publisher)
io.reactivex.internal.operators.flowable.FlowableAll:
    public void <init>(io.reactivex.Flowable,io.reactivex.functions.Predicate)
io.reactivex.internal.operators.flowable.FlowableAllSingle:
    public void <init>(io.reactivex.Flowable,io.reactivex.functions.Predicate)
    public io.reactivex.Flowable fuseToFlowable()
io.reactivex.internal.operators.flowable.FlowableAmb:
    public void <init>(org.reactivestreams.Publisher[],java.lang.Iterable)
io.reactivex.internal.operators.flowable.FlowableAny:
    public void <init>(io.reactivex.Flowable,io.reactivex.functions.Predicate)
io.reactivex.internal.operators.flowable.FlowableAnySingle:
    public void <init>(io.reactivex.Flowable,io.reactivex.functions.Predicate)
    public io.reactivex.Flowable fuseToFlowable()
io.reactivex.internal.operators.flowable.FlowableAutoConnect:
    public void <init>(io.reactivex.flowables.ConnectableFlowable,int,io.reactivex.functions.Consumer)